<?xml version="1.0" encoding="UTF-8"?>
<testng-results skipped="0" failed="0" ignored="0" total="1" passed="1">
  <reporter-output>
  </reporter-output>
  <suite name="Default suite" duration-ms="15799" started-at="2020-12-08T03:32:39Z" finished-at="2020-12-08T03:32:55Z">
    <groups>
    </groups>
    <test name="Default test" duration-ms="15799" started-at="2020-12-08T03:32:39Z" finished-at="2020-12-08T03:32:55Z">
      <class name="com.qa.acti.Tests.TestCreateCustomer_parameter_config_file">
        <test-method status="PASS" signature="reportSetup()[pri:0, instance:com.qa.acti.Tests.TestCreateCustomer_parameter_config_file@4f30ec]" name="reportSetup" is-config="true" duration-ms="178" started-at="2020-12-08T03:32:39Z" finished-at="2020-12-08T03:32:40Z">
          <reporter-output>
          </reporter-output>
        </test-method> <!-- reportSetup -->
        <test-method status="PASS" signature="preTest()[pri:0, instance:com.qa.acti.Tests.TestCreateCustomer_parameter_config_file@4f30ec]" name="preTest" is-config="true" duration-ms="9974" started-at="2020-12-08T03:32:40Z" finished-at="2020-12-08T03:32:50Z">
          <reporter-output>
          </reporter-output>
        </test-method> <!-- preTest -->
        <test-method status="PASS" signature="testCreateNewCustomer()[pri:0, instance:com.qa.acti.Tests.TestCreateCustomer_parameter_config_file@4f30ec]" name="testCreateNewCustomer" duration-ms="4662" started-at="2020-12-08T03:32:50Z" finished-at="2020-12-08T03:32:54Z">
          <reporter-output>
          </reporter-output>
        </test-method> <!-- testCreateNewCustomer -->
        <test-method status="PASS" signature="getResult(org.testng.ITestResult)[pri:0, instance:com.qa.acti.Tests.TestCreateCustomer_parameter_config_file@4f30ec]" name="getResult" is-config="true" duration-ms="968" started-at="2020-12-08T03:32:54Z" finished-at="2020-12-08T03:32:55Z">
          <params>
            <param index="0">
              <value>
                <![CDATA[[TestResult name=testCreateNewCustomer status=SUCCESS method=TestCreateCustomer_parameter_config_file.testCreateNewCustomer()[pri:0, instance:com.qa.acti.Tests.TestCreateCustomer_parameter_config_file@4f30ec] output={null}]]]>
              </value>
            </param>
          </params>
          <reporter-output>
          </reporter-output>
        </test-method> <!-- getResult -->
      </class> <!-- com.qa.acti.Tests.TestCreateCustomer_parameter_config_file -->
    </test> <!-- Default test -->
  </suite> <!-- Default suite -->
</testng-results>
