<?xml version="1.0" encoding="UTF-8"?>
<testng-results skipped="0" failed="0" ignored="0" total="1" passed="1">
  <reporter-output>
  </reporter-output>
  <suite name="Default suite" duration-ms="17849" started-at="2020-11-30T03:03:47Z" finished-at="2020-11-30T03:04:05Z">
    <groups>
    </groups>
    <test name="Default test" duration-ms="17849" started-at="2020-11-30T03:03:47Z" finished-at="2020-11-30T03:04:05Z">
      <class name="com.qa.acti.Tests.TestCreateCustomer_parameter_Excel_file">
        <test-method status="PASS" signature="reportSetup()[pri:0, instance:com.qa.acti.Tests.TestCreateCustomer_parameter_Excel_file@6ba0ac]" name="reportSetup" is-config="true" duration-ms="185" started-at="2020-11-30T03:03:47Z" finished-at="2020-11-30T03:03:47Z">
          <reporter-output>
          </reporter-output>
        </test-method> <!-- reportSetup -->
        <test-method status="PASS" signature="preTest()[pri:0, instance:com.qa.acti.Tests.TestCreateCustomer_parameter_Excel_file@6ba0ac]" name="preTest" is-config="true" duration-ms="8455" started-at="2020-11-30T03:03:48Z" finished-at="2020-11-30T03:03:56Z">
          <reporter-output>
          </reporter-output>
        </test-method> <!-- preTest -->
        <test-method status="PASS" signature="testCreateNewCustomer(java.lang.String, java.lang.String)[pri:0, instance:com.qa.acti.Tests.TestCreateCustomer_parameter_Excel_file@6ba0ac]" name="testCreateNewCustomer" duration-ms="7771" started-at="2020-11-30T03:03:56Z" data-provider="logindata" finished-at="2020-11-30T03:04:04Z">
          <params>
            <param index="0">
              <value>
                <![CDATA[admin]]>
              </value>
            </param>
            <param index="1">
              <value>
                <![CDATA[manager]]>
              </value>
            </param>
          </params>
          <reporter-output>
          </reporter-output>
        </test-method> <!-- testCreateNewCustomer -->
        <test-method status="PASS" signature="closeApp()[pri:0, instance:com.qa.acti.Tests.TestCreateCustomer_parameter_Excel_file@6ba0ac]" name="closeApp" is-config="true" duration-ms="895" started-at="2020-11-30T03:04:04Z" finished-at="2020-11-30T03:04:05Z">
          <reporter-output>
          </reporter-output>
        </test-method> <!-- closeApp -->
        <test-method status="PASS" signature="reportteardown()[pri:0, instance:com.qa.acti.Tests.TestCreateCustomer_parameter_Excel_file@6ba0ac]" name="reportteardown" is-config="true" duration-ms="0" started-at="2020-11-30T03:04:05Z" finished-at="2020-11-30T03:04:05Z">
          <reporter-output>
          </reporter-output>
        </test-method> <!-- reportteardown -->
      </class> <!-- com.qa.acti.Tests.TestCreateCustomer_parameter_Excel_file -->
    </test> <!-- Default test -->
  </suite> <!-- Default suite -->
</testng-results>
