<?xml version="1.0" encoding="UTF-8"?>
<!-- Generated by org.testng.reporters.JUnitXMLReporter -->
<testsuite hostname="DESKTOP-1RBJ5DQ" ignored="0" name="Test" tests="6" failures="0" timestamp="29 Nov 2020 19:12:34 GMT" time="72.241" errors="0">
  <testcase name="testCreateNewCustomer" time="7.626" classname="com.qa.acti.Tests.TestCreateCustomer_parameter_config_file"/>
  <testcase name="verifyLogout" time="2.287" classname="com.qa.acti.Tests.TestEnterTimePage"/>
  <testcase name="verifyTaskMenuDisplayed" time="2.246" classname="com.qa.acti.Tests.TestEnterTimePage"/>
  <testcase name="testCreateNewCustomer" time="7.495" classname="com.qa.acti.Tests.TestCreateCustomer_parameter_Excel_file"/>
  <testcase name="verifyGenerateHtmlReport" time="5.598" classname="com.qa.acti.Tests.TestReportPage"/>
  <testcase name="testLoginPageUIElements" time="0.172" classname="com.qa.acti.Tests.TestLoginPage"/>
</testsuite> <!-- Test -->
